Using pre-set license
Built from '2021.3/staging' branch; Version is '2021.3.19f1 (c9714fde33b6) revision 13201743'; Using compiler version '192829333'; Build Type 'Release'
OS: 'Windows 10  (10.0.19045) 64bit Professional' Language: 'ko' Physical Memory: 16194 MB
BatchMode: 1, IsHumanControllingUs: 0, StartBugReporterOnCrash: 0, Is64bit: 1, IsPro: 1

COMMAND LINE ARGUMENTS:
C:\Program Files\Unity\Hub\Editor\2021.3.19f1\Editor\Unity.exe
-adb2
-batchMode
-noUpm
-name
AssetImportWorker2
-projectPath
C:/Users/SGA/Desktop/test/Unity2DGame/Unity2DGame
-logFile
Logs/AssetImportWorker2.log
-srvPort
50840
Successfully changed project path to: C:/Users/SGA/Desktop/test/Unity2DGame/Unity2DGame
C:/Users/SGA/Desktop/test/Unity2DGame/Unity2DGame
[UnityMemory] Configuration Parameters - Can be set up in boot.config
    "memorysetup-bucket-allocator-granularity=16"
    "memorysetup-bucket-allocator-bucket-count=8"
    "memorysetup-bucket-allocator-block-size=33554432"
    "memorysetup-bucket-allocator-block-count=8"
    "memorysetup-main-allocator-block-size=16777216"
    "memorysetup-thread-allocator-block-size=16777216"
    "memorysetup-gfx-main-allocator-block-size=16777216"
    "memorysetup-gfx-thread-allocator-block-size=16777216"
    "memorysetup-cache-allocator-block-size=4194304"
    "memorysetup-typetree-allocator-block-size=2097152"
    "memorysetup-profiler-bucket-allocator-granularity=16"
    "memorysetup-profiler-bucket-allocator-bucket-count=8"
    "memorysetup-profiler-bucket-allocator-block-size=33554432"
    "memorysetup-profiler-bucket-allocator-block-count=8"
    "memorysetup-profiler-allocator-block-size=16777216"
    "memorysetup-profiler-editor-allocator-block-size=1048576"
    "memorysetup-temp-allocator-size-main=16777216"
    "memorysetup-job-temp-allocator-block-size=2097152"
    "memorysetup-job-temp-allocator-block-size-background=1048576"
    "memorysetup-job-temp-allocator-reduction-small-platforms=262144"
    "memorysetup-temp-allocator-size-background-worker=32768"
    "memorysetup-temp-allocator-size-job-worker=262144"
    "memorysetup-temp-allocator-size-preload-manager=33554432"
    "memorysetup-temp-allocator-size-nav-mesh-worker=65536"
    "memorysetup-temp-allocator-size-audio-worker=65536"
    "memorysetup-temp-allocator-size-cloud-worker=32768"
    "memorysetup-temp-allocator-size-gi-baking-worker=262144"
    "memorysetup-temp-allocator-size-gfx=262144"
Player connection [4980] Host "[IP] 192.168.0.176 [Port] 0 [Flags] 2 [Guid] 2378952619 [EditorId] 2378952619 [Version] 1048832 [Id] WindowsEditor(7,DESKTOP-HQKDT44) [Debug] 1 [PackageName] WindowsEditor [ProjectName] Editor" joined multi-casting on [225.0.0.222:54997]...

Player connection [4980] Host "[IP] 192.168.0.176 [Port] 0 [Flags] 2 [Guid] 2378952619 [EditorId] 2378952619 [Version] 1048832 [Id] WindowsEditor(7,DESKTOP-HQKDT44) [Debug] 1 [PackageName] WindowsEditor [ProjectName] Editor" joined alternative multi-casting on [225.0.0.222:34997]...

Refreshing native plugins compatible for Editor in 69.12 ms, found 3 plugins.
Preloading 0 native plugins for Editor in 0.00 ms.
Initialize engine version: 2021.3.19f1 (c9714fde33b6)
[Subsystems] Discovering subsystems at path C:/Program Files/Unity/Hub/Editor/2021.3.19f1/Editor/Data/Resources/UnitySubsystems
[Subsystems] Discovering subsystems at path C:/Users/SGA/Desktop/test/Unity2DGame/Unity2DGame/Assets
GfxDevice: creating device client; threaded=0; jobified=0
Direct3D:
    Version:  Direct3D 11.0 [level 11.1]
    Renderer: NVIDIA GeForce GTX 1650 (ID=0x1f82)
    Vendor:   NVIDIA
    VRAM:     3962 MB
    Driver:   31.0.15.1694
Initialize mono
Mono path[0] = 'C:/Program Files/Unity/Hub/Editor/2021.3.19f1/Editor/Data/Managed'
Mono path[1] = 'C:/Program Files/Unity/Hub/Editor/2021.3.19f1/Editor/Data/MonoBleedingEdge/lib/mono/unityjit-win32'
Mono config path = 'C:/Program Files/Unity/Hub/Editor/2021.3.19f1/Editor/Data/MonoBleedingEdge/etc'
Using monoOptions --debugger-agent=transport=dt_socket,embedding=1,server=y,suspend=n,address=127.0.0.1:56552
Begin MonoManager ReloadAssembly
Registering precompiled unity dll's ...
Register platform support module: C:/Program Files/Unity/Hub/Editor/2021.3.19f1/Editor/Data/PlaybackEngines/AndroidPlayer/UnityEditor.Android.Extensions.dll
Register platform support module: C:/Program Files/Unity/Hub/Editor/2021.3.19f1/Editor/Data/PlaybackEngines/WindowsStandaloneSupport/UnityEditor.WindowsStandalone.Extensions.dll
Registered in 0.003973 seconds.
Native extension for WindowsStandalone target not found
Native extension for Android target not found
Android Extension - Scanning For ADB Devices 159 ms
Refreshing native plugins compatible for Editor in 58.58 ms, found 3 plugins.
Preloading 0 native plugins for Editor in 0.00 ms.
Mono: successfully reloaded assembly
- Completed reload, in  0.604 seconds
Domain Reload Profiling:
	ReloadAssembly (605ms)
		BeginReloadAssembly (58ms)
			ExecutionOrderSort (0ms)
			DisableScriptedObjects (0ms)
			BackupInstance (0ms)
			ReleaseScriptingObjects (0ms)
			CreateAndSetChildDomain (1ms)
		EndReloadAssembly (472ms)
			LoadAssemblies (57ms)
			RebuildTransferFunctionScriptingTraits (0ms)
			SetupTypeCache (70ms)
			ReleaseScriptCaches (0ms)
			RebuildScriptCaches (18ms)
			SetupLoadedEditorAssemblies (349ms)
				LogAssemblyErrors (0ms)
				InitializePlatformSupportModulesInManaged (204ms)
				SetLoadedEditorAssemblies (0ms)
				RefreshPlugins (59ms)
				BeforeProcessingInitializeOnLoad (1ms)
				ProcessInitializeOnLoadAttributes (58ms)
				ProcessInitializeOnLoadMethodAttributes (28ms)
				AfterProcessingInitializeOnLoad (0ms)
				EditorAssembliesLoaded (0ms)
			ExecutionOrderSort2 (0ms)
			AwakeInstancesAfterBackupRestoration (0ms)
Platform modules already initialized, skipping
Registering precompiled user dll's ...
Registered in 0.002789 seconds.
Begin MonoManager ReloadAssembly
Symbol file LoadedFromMemory doesn't match image C:\Users\SGA\Desktop\test\Unity2DGame\Unity2DGame\Library\PackageCache\com.unity.visualscripting@1.8.0\Editor\VisualScripting.Core\Dependencies\YamlDotNet\Unity.VisualScripting.YamlDotNet.dll
Symbol file LoadedFromMemory doesn't match image C:\Users\SGA\Desktop\test\Unity2DGame\Unity2DGame\Library\PackageCache\com.unity.visualscripting@1.8.0\Editor\VisualScripting.Core\Dependencies\DotNetZip\Unity.VisualScripting.IonicZip.dll
Native extension for WindowsStandalone target not found
Native extension for Android target not found
Refreshing native plugins compatible for Editor in 0.48 ms, found 3 plugins.
Preloading 0 native plugins for Editor in 0.00 ms.
Mono: successfully reloaded assembly
- Completed reload, in  0.673 seconds
Domain Reload Profiling:
	ReloadAssembly (674ms)
		BeginReloadAssembly (72ms)
			ExecutionOrderSort (0ms)
			DisableScriptedObjects (4ms)
			BackupInstance (0ms)
			ReleaseScriptingObjects (0ms)
			CreateAndSetChildDomain (13ms)
		EndReloadAssembly (525ms)
			LoadAssemblies (52ms)
			RebuildTransferFunctionScriptingTraits (0ms)
			SetupTypeCache (170ms)
			ReleaseScriptCaches (0ms)
			RebuildScriptCaches (32ms)
			SetupLoadedEditorAssemblies (244ms)
				LogAssemblyErrors (0ms)
				InitializePlatformSupportModulesInManaged (12ms)
				SetLoadedEditorAssemblies (0ms)
				RefreshPlugins (1ms)
				BeforeProcessingInitializeOnLoad (52ms)
				ProcessInitializeOnLoadAttributes (161ms)
				ProcessInitializeOnLoadMethodAttributes (13ms)
				AfterProcessingInitializeOnLoad (4ms)
				EditorAssembliesLoaded (0ms)
			ExecutionOrderSort2 (0ms)
			AwakeInstancesAfterBackupRestoration (4ms)
Platform modules already initialized, skipping
========================================================================
Worker process is ready to serve import requests
Launched and connected shader compiler UnityShaderCompiler.exe after 0.03 seconds
Refreshing native plugins compatible for Editor in 0.50 ms, found 3 plugins.
Preloading 0 native plugins for Editor in 0.00 ms.
Unloading 3128 Unused Serialized files (Serialized files now loaded: 0)
Unloading 24 unused Assets / (113.5 KB). Loaded Objects now: 3595.
Memory consumption went from 118.5 MB to 118.4 MB.
Total: 2.022600 ms (FindLiveObjects: 0.165200 ms CreateObjectMapping: 0.073600 ms MarkObjects: 1.701300 ms  DeleteObjects: 0.081700 ms)

AssetImportParameters requested are different than current active one (requested -> active):
  custom:video-decoder-ogg-theora: a1e56fd34408186e4bbccfd4996cb3dc -> 
  custom:container-muxer-webm: aa71ff27fc2769a1b78a27578f13a17b -> 
  custom:container-demuxer-webm: 4f35f7cbe854078d1ac9338744f61a02 -> 
  custom:video-encoder-webm-vp8: eb34c28f22e8b96e1ab97ce403110664 -> 
  custom:audio-encoder-webm-vorbis: bf7c407c2cedff20999df2af8eb42d56 -> 
  custom:framework-win-MediaFoundation: 216162199b28c13a410421893ffa2e32 -> 
  custom:container-demuxer-ogg: 62fdf1f143b41e24485cea50d1cbac27 -> 
  custom:video-decoder-webm-vp8: 9c59270c3fd7afecdb556c50c9e8de78 -> 
  custom:audio-decoder-ogg-vorbis: bf7c407c2cedff20999df2af8eb42d56 -> 
========================================================================
Received Import Request.
  Time since last request: 6544.758909 seconds.
  path: Assets/99. Resource
  artifactKey: Guid(38a847de173ae204fb400d1bb1cd8eb4) Importer(815301076,1909f56bfc062723c751e8b465ee728b)
Start importing Assets/99. Resource using Guid(38a847de173ae204fb400d1bb1cd8eb4) Importer(815301076,1909f56bfc062723c751e8b465ee728b)  -> (artifact id: '4a5d9c41e10a5f2d49f15369d9e79195') in 0.009435 seconds 
========================================================================
Received Import Request.
  Time since last request: 2.467841 seconds.
  path: Assets/99. Resource/Yoge
  artifactKey: Guid(8d73704b4a0f3a94ca7a32d9b6c9d53d) Importer(815301076,1909f56bfc062723c751e8b465ee728b)
Start importing Assets/99. Resource/Yoge using Guid(8d73704b4a0f3a94ca7a32d9b6c9d53d) Importer(815301076,1909f56bfc062723c751e8b465ee728b)  -> (artifact id: '0a0b0fbefc36a6956845a9a157b5c86d') in 0.005827 seconds 
========================================================================
Received Import Request.
  Time since last request: 0.941056 seconds.
  path: Assets/99. Resource/Yoge/ParallaxBackground 1
  artifactKey: Guid(b3f17850a65c4c941ae413cdf28c243b) Importer(815301076,1909f56bfc062723c751e8b465ee728b)
Start importing Assets/99. Resource/Yoge/ParallaxBackground 1 using Guid(b3f17850a65c4c941ae413cdf28c243b) Importer(815301076,1909f56bfc062723c751e8b465ee728b)  -> (artifact id: '38e10ae18d0a1fb9a82f43011c8fd11b') in 0.005898 seconds 
========================================================================
Received Import Request.
  Time since last request: 0.839101 seconds.
  path: Assets/99. Resource/Yoge/ParallaxBackground 1/Images
  artifactKey: Guid(c025c7aa3e52a8047a310c7ba94f3466) Importer(815301076,1909f56bfc062723c751e8b465ee728b)
Start importing Assets/99. Resource/Yoge/ParallaxBackground 1/Images using Guid(c025c7aa3e52a8047a310c7ba94f3466) Importer(815301076,1909f56bfc062723c751e8b465ee728b)  -> (artifact id: '6454ca058c869c36886e253101ef1de1') in 0.005156 seconds 
========================================================================
Received Import Request.
  Time since last request: 0.050927 seconds.
  path: Assets/99. Resource/Yoge/ParallaxBackground 1/Images/0.png
  artifactKey: Guid(4a680a152a952ce43acd2332def0f705) Importer(815301076,1909f56bfc062723c751e8b465ee728b)
Start importing Assets/99. Resource/Yoge/ParallaxBackground 1/Images/0.png using Guid(4a680a152a952ce43acd2332def0f705) Importer(815301076,1909f56bfc062723c751e8b465ee728b)  -> (artifact id: '838ab85fa8200b3d1d144fb65491edfb') in 0.202543 seconds 
========================================================================
Received Import Request.
  Time since last request: 0.000030 seconds.
  path: Assets/99. Resource/Yoge/ParallaxBackground 1/Images/3.png
  artifactKey: Guid(9ad093ec2067c7f4e941f22e8b3742b8) Importer(815301076,1909f56bfc062723c751e8b465ee728b)
Start importing Assets/99. Resource/Yoge/ParallaxBackground 1/Images/3.png using Guid(9ad093ec2067c7f4e941f22e8b3742b8) Importer(815301076,1909f56bfc062723c751e8b465ee728b)  -> (artifact id: 'ca43a12847d97e33900da4ea9ea0fee6') in 0.431089 seconds 
========================================================================
Received Import Request.
  Time since last request: 0.000036 seconds.
  path: Assets/99. Resource/Yoge/ParallaxBackground 1/Images/4.png
  artifactKey: Guid(9ffe5d7ff07fc764f8d6b02ce450fa0b) Importer(815301076,1909f56bfc062723c751e8b465ee728b)
Start importing Assets/99. Resource/Yoge/ParallaxBackground 1/Images/4.png using Guid(9ffe5d7ff07fc764f8d6b02ce450fa0b) Importer(815301076,1909f56bfc062723c751e8b465ee728b)  -> (artifact id: 'd8cdc21959236f443596e57b0bf60566') in 0.379586 seconds 
========================================================================
Received Import Request.
  Time since last request: 1.754937 seconds.
  path: Assets/99. Resource/Yoge/ParallaxBackground - Forest 1
  artifactKey: Guid(64b05e39afa606b468ed66b394c24af7) Importer(815301076,1909f56bfc062723c751e8b465ee728b)
Start importing Assets/99. Resource/Yoge/ParallaxBackground - Forest 1 using Guid(64b05e39afa606b468ed66b394c24af7) Importer(815301076,1909f56bfc062723c751e8b465ee728b)  -> (artifact id: 'e42ad29a7ae706ecd974ed97d446eb8b') in 0.004912 seconds 
========================================================================
Received Import Request.
  Time since last request: 0.436236 seconds.
  path: Assets/99. Resource/Yoge/ParallaxBackground - Forest 1/Images
  artifactKey: Guid(dd6481d31f1db054f987925e5462cf22) Importer(815301076,1909f56bfc062723c751e8b465ee728b)
Start importing Assets/99. Resource/Yoge/ParallaxBackground - Forest 1/Images using Guid(dd6481d31f1db054f987925e5462cf22) Importer(815301076,1909f56bfc062723c751e8b465ee728b)  -> (artifact id: 'e55757f6bb2e4e463fbf2a7086d95f57') in 0.001714 seconds 
========================================================================
Received Import Request.
  Time since last request: 0.064278 seconds.
  path: Assets/99. Resource/Yoge/ParallaxBackground - Forest 1/Images/1.png
  artifactKey: Guid(13a4b86f326c6c844aa0f867d95acc1f) Importer(815301076,1909f56bfc062723c751e8b465ee728b)
Start importing Assets/99. Resource/Yoge/ParallaxBackground - Forest 1/Images/1.png using Guid(13a4b86f326c6c844aa0f867d95acc1f) Importer(815301076,1909f56bfc062723c751e8b465ee728b)  -> (artifact id: '8712945883b13238da75c8c50f04a8e4') in 0.262938 seconds 
========================================================================
Received Import Request.
  Time since last request: 0.000022 seconds.
  path: Assets/99. Resource/Yoge/ParallaxBackground - Forest 1/Images/4.png
  artifactKey: Guid(a9957e9b1e7b81d4cab8e6da931e94e4) Importer(815301076,1909f56bfc062723c751e8b465ee728b)
Start importing Assets/99. Resource/Yoge/ParallaxBackground - Forest 1/Images/4.png using Guid(a9957e9b1e7b81d4cab8e6da931e94e4) Importer(815301076,1909f56bfc062723c751e8b465ee728b)  -> (artifact id: '8cf855c0c773f8979a9087b77570ed23') in 0.383112 seconds 
========================================================================
Received Import Request.
  Time since last request: 3.106541 seconds.
  path: Assets/99. Resource/Undead Survivor
  artifactKey: Guid(b2789aeb5cc7d864189189de27b8542b) Importer(815301076,1909f56bfc062723c751e8b465ee728b)
Start importing Assets/99. Resource/Undead Survivor using Guid(b2789aeb5cc7d864189189de27b8542b) Importer(815301076,1909f56bfc062723c751e8b465ee728b)  -> (artifact id: '67e50a1c171048260718a2f53d701379') in 0.005561 seconds 
========================================================================
Received Import Request.
  Time since last request: 0.073427 seconds.
  path: Assets/99. Resource/Undead Survivor/Icon.png
  artifactKey: Guid(8cf32bb594965f3449d71aab39ee30ad) Importer(815301076,1909f56bfc062723c751e8b465ee728b)
Start importing Assets/99. Resource/Undead Survivor/Icon.png using Guid(8cf32bb594965f3449d71aab39ee30ad) Importer(815301076,1909f56bfc062723c751e8b465ee728b)  -> (artifact id: '250892b29f8e16a3723ca0c03c4b7642') in 0.043887 seconds 
========================================================================
Received Import Request.
  Time since last request: 5.670191 seconds.
  path: Assets/Test
  artifactKey: Guid(4fd56987604d57c42ae71ecf046b524d) Importer(815301076,1909f56bfc062723c751e8b465ee728b)
Start importing Assets/Test using Guid(4fd56987604d57c42ae71ecf046b524d) Importer(815301076,1909f56bfc062723c751e8b465ee728b)  -> (artifact id: '0a0d4e348c6452a2d3ba4a667a1b4ac0') in 0.006057 seconds 
